mode: count
github.com\zew\util\runtime.go:5.31,8.2 2 0
github.com\zew\util\runtime.go:9.28,12.2 2 0
github.com\zew\util\strings.go:12.42,13.23 1 0
github.com\zew\util\strings.go:16.2,16.10 1 0
github.com\zew\util\strings.go:13.23,15.3 1 0
github.com\zew\util\strings.go:19.43,20.23 1 0
github.com\zew\util\strings.go:23.2,23.10 1 0
github.com\zew\util\strings.go:20.23,22.3 1 0
github.com\zew\util\strings.go:26.49,27.23 1 0
github.com\zew\util\strings.go:31.2,31.10 1 0
github.com\zew\util\strings.go:27.23,30.3 2 0
github.com\zew\util\strings.go:34.41,38.16 3 0
github.com\zew\util\strings.go:43.2,47.21 4 0
github.com\zew\util\strings.go:38.16,41.3 2 0
github.com\zew\util\strings.go:50.41,52.37 2 0
github.com\zew\util\strings.go:55.2,55.21 1 0
github.com\zew\util\strings.go:52.37,54.3 1 0
github.com\zew\util\strings.go:59.38,62.20 3 13
github.com\zew\util\strings.go:65.2,65.53 1 13
github.com\zew\util\strings.go:74.2,74.53 1 9
github.com\zew\util\strings.go:95.2,95.32 1 0
github.com\zew\util\strings.go:62.20,64.3 1 0
github.com\zew\util\strings.go:65.53,66.15 1 4
github.com\zew\util\strings.go:70.3,71.33 2 2
github.com\zew\util\strings.go:66.15,68.4 1 2
github.com\zew\util\strings.go:74.53,76.15 1 9
github.com\zew\util\strings.go:83.3,85.38 3 5
github.com\zew\util\strings.go:92.3,92.33 1 5
github.com\zew\util\strings.go:76.15,77.14 1 4
github.com\zew\util\strings.go:80.4,80.43 1 2
github.com\zew\util\strings.go:77.14,79.5 1 2
github.com\zew\util\strings.go:85.38,90.4 3 5
github.com\zew\util\environ.go:9.31,11.16 2 0
github.com\zew\util\environ.go:14.2,14.13 1 0
github.com\zew\util\environ.go:11.16,13.3 1 0
github.com\zew\util\environ.go:17.32,20.24 3 0
github.com\zew\util\environ.go:25.2,25.12 1 0
github.com\zew\util\environ.go:32.2,33.15 2 0
github.com\zew\util\environ.go:20.24,21.32 1 0
github.com\zew\util\environ.go:21.32,23.4 1 0
github.com\zew\util\environ.go:25.12,30.3 4 0
github.com\zew\util\errors.go:14.46,16.16 2 0
github.com\zew\util\errors.go:16.16,18.32 2 0
github.com\zew\util\errors.go:30.3,33.13 4 0
github.com\zew\util\errors.go:18.32,20.37 2 0
github.com\zew\util\errors.go:20.37,24.34 4 0
github.com\zew\util\errors.go:27.5,27.11 1 0
github.com\zew\util\errors.go:24.34,26.6 1 0
github.com\zew\util\errors.go:37.37,38.14 1 0
github.com\zew\util\errors.go:48.2,48.14 1 0
github.com\zew\util\errors.go:38.14,41.35 3 0
github.com\zew\util\errors.go:41.35,43.37 2 0
github.com\zew\util\errors.go:43.37,45.5 1 0
github.com\zew\util\http.go:19.32,31.2 3 0
github.com\zew\util\http.go:33.83,35.44 1 0
github.com\zew\util\http.go:39.2,41.21 2 0
github.com\zew\util\http.go:62.2,65.16 3 0
github.com\zew\util\http.go:68.2,72.16 3 0
github.com\zew\util\http.go:78.2,78.89 1 0
github.com\zew\util\http.go:83.2,83.8 1 0
github.com\zew\util\http.go:35.44,37.3 1 0
github.com\zew\util\http.go:41.21,44.17 2 0
github.com\zew\util\http.go:47.3,47.35 1 0
github.com\zew\util\http.go:44.17,46.4 1 0
github.com\zew\util\http.go:50.3,50.29 1 0
github.com\zew\util\http.go:50.29,55.17 2 0
github.com\zew\util\http.go:59.3,59.70 1 0
github.com\zew\util\http.go:55.17,57.4 1 0
github.com\zew\util\http.go:65.16,67.3 1 0
github.com\zew\util\http.go:72.16,75.3 2 0
github.com\zew\util\http.go:78.89,81.3 2 0
github.com\zew\util\http.go:87.87,92.16 4 0
github.com\zew\util\http.go:96.2,98.16 3 0
github.com\zew\util\http.go:101.2,101.42 1 0
github.com\zew\util\http.go:106.2,106.27 1 0
github.com\zew\util\http.go:118.2,121.16 3 0
github.com\zew\util\http.go:125.2,143.16 4 0
github.com\zew\util\http.go:146.2,150.16 3 0
github.com\zew\util\http.go:156.2,156.89 1 0
github.com\zew\util\http.go:161.2,161.8 1 0
github.com\zew\util\http.go:92.16,94.3 1 0
github.com\zew\util\http.go:98.16,100.3 1 0
github.com\zew\util\http.go:101.42,103.3 1 0
github.com\zew\util\http.go:106.27,108.52 2 0
github.com\zew\util\http.go:111.3,111.50 1 0
github.com\zew\util\http.go:108.52,110.4 1 0
github.com\zew\util\http.go:111.50,113.4 1 0
github.com\zew\util\http.go:121.16,123.3 1 0
github.com\zew\util\http.go:143.16,145.3 1 0
github.com\zew\util\http.go:150.16,153.3 2 0
github.com\zew\util\http.go:156.89,159.3 2 0
github.com\zew\util\loadconfig.go:12.29,19.9 5 0
github.com\zew\util\loadconfig.go:23.2,33.26 5 0
github.com\zew\util\loadconfig.go:44.2,44.12 1 0
github.com\zew\util\loadconfig.go:48.2,48.13 1 0
github.com\zew\util\loadconfig.go:19.9,21.3 1 0
github.com\zew\util\loadconfig.go:33.26,35.17 2 0
github.com\zew\util\loadconfig.go:39.3,41.8 3 0
github.com\zew\util\loadconfig.go:35.17,37.12 2 0
github.com\zew\util\loadconfig.go:44.12,46.3 1 0
